dataset size 70
h:  1000  epochs  1000  initialLearningrate  0.002  decay  0.9999  splitProportion:  0.2  weightdecay  0.1
Total error: 58.4187901874
epoch:    1   train error: 85.71%   test error: 85.71%
Total error: 28.8667940591
epoch:    2   train error: 94.64%   test error: 92.86%
Total error: 19.0349420537
epoch:    3   train error: 83.93%   test error: 85.71%
Total error: 13.8743417077
epoch:    4   train error: 87.50%   test error: 92.86%
Total error: 10.2734953163
epoch:    5   train error: 82.14%   test error: 92.86%
Total error: 8.77492771873
epoch:    6   train error: 71.43%   test error: 78.57%
Total error: 6.94990096058
epoch:    7   train error: 82.14%   test error: 78.57%
Total error: 6.44718696364
epoch:    8   train error: 78.57%   test error: 85.71%
Total error: 6.01656062985
epoch:    9   train error: 75.00%   test error: 85.71%
Total error: 5.11428430957
epoch:   10   train error: 85.71%   test error: 78.57%
Total error: 4.17360772217
epoch:   11   train error: 75.00%   test error: 78.57%
Total error: 4.09099383124
epoch:   12   train error: 78.57%   test error: 85.71%
Total error: 3.51521949916
epoch:   13   train error: 87.50%   test error: 78.57%
Total error: 3.26389476259
epoch:   14   train error: 82.14%   test error: 78.57%
Total error: 2.82786961083
epoch:   15   train error: 78.57%   test error: 92.86%
Total error: 2.45434928884
epoch:   16   train error: 83.93%   test error: 78.57%
Total error: 2.13030024167
epoch:   17   train error: 78.57%   test error: 85.71%
Total error: 2.26062417064
epoch:   18   train error: 73.21%   test error: 78.57%
Total error: 1.92646194733
epoch:   19   train error: 75.00%   test error: 85.71%
Total error: 1.84597367165
epoch:   20   train error: 75.00%   test error: 85.71%
Total error: 1.71195079296
epoch:   21   train error: 82.14%   test error: 78.57%
Total error: 1.77509980554
epoch:   22   train error: 71.43%   test error: 78.57%
Total error: 1.40238024135
epoch:   23   train error: 83.93%   test error: 85.71%
Total error: 1.34556813312
epoch:   24   train error: 82.14%   test error: 92.86%
Total error: 1.20433085971
epoch:   25   train error: 76.79%   test error: 78.57%
Total error: 1.17276987951
epoch:   26   train error: 82.14%   test error: 85.71%
Total error: 1.07276059361
epoch:   27   train error: 75.00%   test error: 92.86%
Total error: 0.942357664365
epoch:   28   train error: 66.07%   test error: 85.71%
Total error: 0.936332147264
epoch:   29   train error: 71.43%   test error: 85.71%
Total error: 0.811927919263
epoch:   30   train error: 64.29%   test error: 85.71%
Total error: 0.821156910067
epoch:   31   train error: 58.93%   test error: 85.71%
Total error: 0.709845023822
epoch:   32   train error: 80.36%   test error: 78.57%
Total error: 0.671465490351
epoch:   33   train error: 66.07%   test error: 85.71%
Total error: 0.642192664968
epoch:   34   train error: 67.86%   test error: 78.57%
Total error: 0.607542079336
epoch:   35   train error: 64.29%   test error: 78.57%
Total error: 0.533199411683
epoch:   36   train error: 60.71%   test error: 85.71%
Total error: 0.563745785056
epoch:   37   train error: 60.71%   test error: 78.57%
Total error: 0.524786506373
epoch:   38   train error: 58.93%   test error: 85.71%
Total error: 0.483590390235
epoch:   39   train error: 48.21%   test error: 78.57%
Total error: 0.456182126829
epoch:   40   train error: 60.71%   test error: 71.43%
Total error: 0.409216707649
epoch:   41   train error: 62.50%   test error: 85.71%
Total error: 0.399450596734
epoch:   42   train error: 60.71%   test error: 85.71%
Total error: 0.369605052684
epoch:   43   train error: 58.93%   test error: 78.57%
Total error: 0.365623552953
epoch:   44   train error: 60.71%   test error: 78.57%
Total error: 0.349319990366
epoch:   45   train error: 51.79%   test error: 78.57%
Total error: 0.317544223104
epoch:   46   train error: 50.00%   test error: 78.57%
Total error: 0.304459141393
epoch:   47   train error: 44.64%   test error: 85.71%
Total error: 0.285879832635
epoch:   48   train error: 48.21%   test error: 78.57%
Total error: 0.287311342878
epoch:   49   train error: 50.00%   test error: 85.71%
Total error: 0.323638403602
epoch:   50   train error: 66.07%   test error: 78.57%
Total error: 0.293716476097
epoch:   51   train error: 51.79%   test error: 78.57%
Total error: 0.297535012925
epoch:   52   train error: 58.93%   test error: 92.86%
Total error: 0.304094993589
epoch:   53   train error: 44.64%   test error: 78.57%
Total error: 0.307138696608
epoch:   54   train error: 42.86%   test error: 78.57%
Total error: 0.275733899433
epoch:   55   train error: 55.36%   test error: 78.57%
Total error: 0.275311904195
epoch:   56   train error: 35.71%   test error: 78.57%
Total error: 0.263322119631
epoch:   57   train error: 44.64%   test error: 71.43%
Total error: 0.219541866354
epoch:   58   train error: 33.93%   test error: 78.57%
Total error: 0.262352934144
epoch:   59   train error: 50.00%   test error: 85.71%
Total error: 0.249521802013
epoch:   60   train error: 50.00%   test error: 85.71%
Total error: 0.269168753041
epoch:   61   train error: 33.93%   test error: 78.57%
Total error: 0.306638109462
epoch:   62   train error: 48.21%   test error: 78.57%
Total error: 0.304645685802
epoch:   63   train error: 41.07%   test error: 71.43%
Total error: 0.375403785845
epoch:   64   train error: 42.86%   test error: 78.57%
Total error: 0.322650546365
epoch:   65   train error: 48.21%   test error: 78.57%
Total error: 0.302185315499
epoch:   66   train error: 58.93%   test error: 78.57%
Total error: 0.259969131076
epoch:   67   train error: 55.36%   test error: 78.57%
Total error: 0.217259629516
epoch:   68   train error: 39.29%   test error: 78.57%
Total error: 0.207636283876
epoch:   69   train error: 26.79%   test error: 85.71%
Total error: 0.191501894342
epoch:   70   train error: 44.64%   test error: 78.57%
Total error: 0.190571859962
epoch:   71   train error: 33.93%   test error: 85.71%
Total error: 0.178457684313
epoch:   72   train error: 42.86%   test error: 78.57%
Total error: 0.171304657753
epoch:   73   train error: 35.71%   test error: 78.57%
Total error: 0.153845163775
epoch:   74   train error: 21.43%   test error: 78.57%
Total error: 0.178745016546
epoch:   75   train error: 39.29%   test error: 78.57%
Total error: 0.159728962694
epoch:   76   train error: 41.07%   test error: 78.57%
Total error: 0.180559497477
epoch:   77   train error: 35.71%   test error: 85.71%
Total error: 0.213596851663
epoch:   78   train error: 42.86%   test error: 85.71%
Total error: 0.199726636883
epoch:   79   train error: 37.50%   test error: 78.57%
Total error: 0.192573075361
epoch:   80   train error: 21.43%   test error: 78.57%
Total error: 0.1620219934
epoch:   81   train error: 26.79%   test error: 85.71%
Total error: 0.139077631115
epoch:   82   train error: 26.79%   test error: 78.57%
Total error: 0.1341637398
epoch:   83   train error: 28.57%   test error: 78.57%
Total error: 0.135383720693
epoch:   84   train error: 21.43%   test error: 78.57%
Total error: 0.152167699864
epoch:   85   train error: 28.57%   test error: 78.57%
Total error: 0.15811646998
epoch:   86   train error: 30.36%   test error: 78.57%
Total error: 0.136226496156
epoch:   87   train error: 32.14%   test error: 78.57%
Total error: 0.142347216599
epoch:   88   train error: 39.29%   test error: 78.57%
Total error: 0.145425054731
epoch:   89   train error: 33.93%   test error: 78.57%
Total error: 0.138787522059
epoch:   90   train error: 19.64%   test error: 78.57%
Total error: 0.122975980953
epoch:   91   train error: 23.21%   test error: 78.57%
Total error: 0.107033946912
epoch:   92   train error: 32.14%   test error: 78.57%
Total error: 0.135391384064
epoch:   93   train error: 35.71%   test error: 78.57%
Total error: 0.139579927328
epoch:   94   train error: 30.36%   test error: 78.57%
Total error: 0.170541890457
epoch:   95   train error: 41.07%   test error: 78.57%
Total error: 0.171510576281
epoch:   96   train error: 28.57%   test error: 78.57%
Total error: 0.169222947964
epoch:   97   train error: 60.71%   test error: 71.43%
Total error: 0.165955516394
epoch:   98   train error: 50.00%   test error: 78.57%
Total error: 0.159245655913
epoch:   99   train error: 32.14%   test error: 78.57%
Total error: 0.146046836253
epoch:  100   train error: 33.93%   test error: 85.71%
Total error: 0.133108687372
epoch:  101   train error: 28.57%   test error: 78.57%
Total error: 0.123591718627
epoch:  102   train error: 28.57%   test error: 78.57%
Total error: 0.116538221636
epoch:  103   train error: 32.14%   test error: 71.43%
Total error: 0.118140607928
epoch:  104   train error: 44.64%   test error: 78.57%
Total error: 0.107974094584
epoch:  105   train error: 19.64%   test error: 78.57%
Total error: 0.100641524741
epoch:  106   train error: 28.57%   test error: 78.57%
Total error: 0.100429112854
epoch:  107   train error: 30.36%   test error: 78.57%
Total error: 0.0980537415759
epoch:  108   train error: 23.21%   test error: 71.43%
Total error: 0.0992541745464
epoch:  109   train error: 10.71%   test error: 78.57%
Total error: 0.0925845721666
epoch:  110   train error: 17.86%   test error: 85.71%
Total error: 0.099392883146
epoch:  111   train error: 12.50%   test error: 92.86%
Total error: 0.112214948269
epoch:  112   train error: 33.93%   test error: 78.57%
Total error: 0.0987783437892
epoch:  113   train error: 17.86%   test error: 78.57%
Total error: 0.0844912807992
epoch:  114   train error: 10.71%   test error: 78.57%
Total error: 0.0819749800288
epoch:  115   train error:  5.36%   test error: 78.57%
Total error: 0.0759123988613
epoch:  116   train error:  7.14%   test error: 71.43%
Total error: 0.0729012003689
epoch:  117   train error:  8.93%   test error: 78.57%
Total error: 0.0678392516922
epoch:  118   train error: 14.29%   test error: 78.57%
Total error: 0.0727950574951
epoch:  119   train error: 16.07%   test error: 78.57%
Total error: 0.0720198833039
epoch:  120   train error: 17.86%   test error: 78.57%
Total error: 0.0737903594486
epoch:  121   train error: 16.07%   test error: 71.43%
Total error: 0.0728135664389
epoch:  122   train error: 12.50%   test error: 78.57%
Total error: 0.0766872322812
epoch:  123   train error: 12.50%   test error: 64.29%
Total error: 0.0696761748846
epoch:  124   train error:  5.36%   test error: 71.43%
Total error: 0.0733366640038
epoch:  125   train error: 10.71%   test error: 71.43%
Total error: 0.0835871686149
epoch:  126   train error:  5.36%   test error: 64.29%
Total error: 0.0716693252801
epoch:  127   train error:  7.14%   test error: 64.29%
Total error: 0.0686400498534
epoch:  128   train error:  7.14%   test error: 64.29%
Total error: 0.0692917204847
epoch:  129   train error: 19.64%   test error: 78.57%
Total error: 0.0665305562628
epoch:  130   train error: 17.86%   test error: 64.29%
Total error: 0.0665094185305
epoch:  131   train error: 10.71%   test error: 71.43%
Total error: 0.0598154300864
epoch:  132   train error:  5.36%   test error: 71.43%
Total error: 0.0605114697714
epoch:  133   train error:  7.14%   test error: 57.14%
Total error: 0.0596817679874
epoch:  134   train error: 14.29%   test error: 64.29%
Total error: 0.0607934464764
epoch:  135   train error: 12.50%   test error: 64.29%
Total error: 0.0691329949512
epoch:  136   train error: 12.50%   test error: 64.29%
Total error: 0.0667920435433
epoch:  137   train error: 16.07%   test error: 71.43%
Total error: 0.0792475440097
epoch:  138   train error: 16.07%   test error: 78.57%
Total error: 0.0733608021736
epoch:  139   train error: 23.21%   test error: 71.43%
Total error: 0.0707176179678
epoch:  140   train error:  5.36%   test error: 64.29%
Total error: 0.0855156447795
epoch:  141   train error: 25.00%   test error: 78.57%
Total error: 0.0875520068143
epoch:  142   train error: 19.64%   test error: 71.43%
Total error: 0.0905973706951
epoch:  143   train error: 21.43%   test error: 78.57%
Total error: 0.106591272647
epoch:  144   train error: 26.79%   test error: 78.57%
Total error: 0.0916750103741
epoch:  145   train error: 21.43%   test error: 78.57%
Total error: 0.0850107902173
epoch:  146   train error: 17.86%   test error: 64.29%
Total error: 0.091536199554
epoch:  147   train error: 25.00%   test error: 78.57%
Total error: 0.0907039578535
epoch:  148   train error: 16.07%   test error: 71.43%
Total error: 0.0800306446874
epoch:  149   train error: 25.00%   test error: 71.43%
Total error: 0.0715528060842
epoch:  150   train error: 16.07%   test error: 64.29%
Total error: 0.0721902394928
epoch:  151   train error: 21.43%   test error: 78.57%
Total error: 0.0643101123361
epoch:  152   train error: 16.07%   test error: 71.43%
Total error: 0.0760542715061
epoch:  153   train error:  8.93%   test error: 71.43%
Total error: 0.0671931099788
epoch:  154   train error: 14.29%   test error: 71.43%
Total error: 0.0627863854998
epoch:  155   train error:  7.14%   test error: 71.43%
Total error: 0.0580423927192
epoch:  156   train error: 10.71%   test error: 71.43%
Total error: 0.059399273878
epoch:  157   train error:  5.36%   test error: 71.43%
Total error: 0.0579737521666
epoch:  158   train error:  7.14%   test error: 71.43%
Total error: 0.0530151030257
epoch:  159   train error:  3.57%   test error: 71.43%
Total error: 0.0666003852505
epoch:  160   train error:  3.57%   test error: 64.29%
Total error: 0.0620701937315
epoch:  161   train error:  1.79%   test error: 64.29%
Total error: 0.0558091363193
epoch:  162   train error:  7.14%   test error: 57.14%
Total error: 0.0539441403898
epoch:  163   train error:  3.57%   test error: 57.14%
Total error: 0.0571097839042
epoch:  164   train error:  5.36%   test error: 64.29%
Total error: 0.0584209283071
epoch:  165   train error:  5.36%   test error: 64.29%
Total error: 0.0690142568151
epoch:  166   train error: 10.71%   test error: 71.43%
Total error: 0.0676923214685
epoch:  167   train error: 12.50%   test error: 71.43%
Total error: 0.0613629303239
epoch:  168   train error:  8.93%   test error: 71.43%
Total error: 0.0722659245728
epoch:  169   train error: 21.43%   test error: 64.29%
Total error: 0.0746559158367
epoch:  170   train error: 23.21%   test error: 71.43%
Total error: 0.0742363356532
epoch:  171   train error: 16.07%   test error: 71.43%
Total error: 0.0732407099647
epoch:  172   train error: 17.86%   test error: 71.43%
Total error: 0.067127959153
epoch:  173   train error: 10.71%   test error: 71.43%
Total error: 0.0621708681609
epoch:  174   train error: 10.71%   test error: 71.43%
Total error: 0.0660768714184
epoch:  175   train error: 10.71%   test error: 57.14%
Total error: 0.0662850893186
epoch:  176   train error:  5.36%   test error: 64.29%
Total error: 0.0641567251644
epoch:  177   train error:  5.36%   test error: 64.29%
Total error: 0.0637995693876
epoch:  178   train error:  8.93%   test error: 64.29%
Total error: 0.0668376619759
epoch:  179   train error: 12.50%   test error: 64.29%
Total error: 0.0646079800046
epoch:  180   train error: 12.50%   test error: 50.00%
Total error: 0.0650035702917
epoch:  181   train error:  7.14%   test error: 57.14%
Total error: 0.0649985956011
epoch:  182   train error:  3.57%   test error: 64.29%
Total error: 0.0550587201726
epoch:  183   train error: 10.71%   test error: 64.29%
Total error: 0.0512674437913
epoch:  184   train error:  8.93%   test error: 64.29%
Total error: 0.0487205561421
epoch:  185   train error: 10.71%   test error: 71.43%
Total error: 0.0478815572545
epoch:  186   train error:  1.79%   test error: 57.14%
Total error: 0.0474426986276
epoch:  187   train error:  7.14%   test error: 78.57%
Total error: 0.0443858071527
epoch:  188   train error:  1.79%   test error: 64.29%
Total error: 0.0418573502454
epoch:  189   train error:  5.36%   test error: 57.14%
Total error: 0.0472443477158
epoch:  190   train error:  1.79%   test error: 64.29%
Total error: 0.0441390447581
epoch:  191   train error:  0.00%   test error: 57.14%
Total error: 0.0428065604942
epoch:  192   train error:  5.36%   test error: 71.43%
Total error: 0.0469595669202
epoch:  193   train error:  7.14%   test error: 78.57%
Total error: 0.0476880432861
epoch:  194   train error:  7.14%   test error: 71.43%
Total error: 0.0466527256496
epoch:  195   train error:  8.93%   test error: 71.43%
Total error: 0.045031387446
epoch:  196   train error:  3.57%   test error: 64.29%
Total error: 0.0463081618138
epoch:  197   train error:  5.36%   test error: 78.57%
Total error: 0.0438835537951
epoch:  198   train error:  5.36%   test error: 57.14%
Total error: 0.0447945249734
epoch:  199   train error:  8.93%   test error: 64.29%
Total error: 0.0412130506171
epoch:  200   train error:  0.00%   test error: 64.29%
Total error: 0.0399439804299
epoch:  201   train error:  5.36%   test error: 64.29%
Total error: 0.040904356975
epoch:  202   train error:  0.00%   test error: 71.43%
Total error: 0.0404508813428
epoch:  203   train error:  3.57%   test error: 50.00%
Total error: 0.043781654275
epoch:  204   train error: 10.71%   test error: 64.29%
Total error: 0.0561649658714
epoch:  205   train error: 10.71%   test error: 57.14%
Total error: 0.0511549272086
epoch:  206   train error:  7.14%   test error: 42.86%
Total error: 0.0439004779971
epoch:  207   train error:  7.14%   test error: 50.00%
Total error: 0.0406130307859
epoch:  208   train error:  0.00%   test error: 57.14%
Total error: 0.039039377108
epoch:  209   train error:  5.36%   test error: 50.00%
Total error: 0.0417833960778
epoch:  210   train error:  3.57%   test error: 50.00%
Total error: 0.0390192592329
epoch:  211   train error:  3.57%   test error: 57.14%
Total error: 0.0405466961856
epoch:  212   train error:  3.57%   test error: 50.00%
Total error: 0.0413741395954
epoch:  213   train error:  5.36%   test error: 42.86%
Total error: 0.0404415211038
epoch:  214   train error:  7.14%   test error: 50.00%
Total error: 0.0387679019948
epoch:  215   train error:  5.36%   test error: 50.00%
Total error: 0.0361304398864
epoch:  216   train error:  1.79%   test error: 50.00%
Total error: 0.0350230055875
epoch:  217   train error:  5.36%   test error: 50.00%
Total error: 0.0368702436283
epoch:  218   train error:  7.14%   test error: 50.00%
Total error: 0.0374408479564
epoch:  219   train error:  5.36%   test error: 50.00%
Total error: 0.0382112522445
epoch:  220   train error:  3.57%   test error: 57.14%
Total error: 0.0342403170728
epoch:  221   train error:  5.36%   test error: 50.00%
Total error: 0.0341488351865
epoch:  222   train error:  7.14%   test error: 50.00%
Total error: 0.0317909865609
epoch:  223   train error:  1.79%   test error: 50.00%
Total error: 0.0298672791965
epoch:  224   train error:  3.57%   test error: 50.00%
Total error: 0.0296813676447
epoch:  225   train error:  5.36%   test error: 35.71%
Total error: 0.0336976873915
epoch:  226   train error:  1.79%   test error: 42.86%
Total error: 0.0318407380261
epoch:  227   train error:  1.79%   test error: 57.14%
Total error: 0.0294980607708
epoch:  228   train error:  1.79%   test error: 50.00%
Total error: 0.0299372471602
epoch:  229   train error:  1.79%   test error: 42.86%
Total error: 0.0271173537565
epoch:  230   train error:  3.57%   test error: 42.86%
Total error: 0.0291301353882
epoch:  231   train error:  3.57%   test error: 42.86%
Total error: 0.0283820309222
epoch:  232   train error:  1.79%   test error: 42.86%
Total error: 0.0270059503733
epoch:  233   train error:  1.79%   test error: 50.00%
Total error: 0.0251991837537
epoch:  234   train error:  0.00%   test error: 35.71%
Total error: 0.0248427652925
epoch:  235   train error:  1.79%   test error: 50.00%
Total error: 0.0246908754995
epoch:  236   train error:  1.79%   test error: 50.00%
Total error: 0.0242165841647
epoch:  237   train error:  0.00%   test error: 42.86%
Total error: 0.0241199504116
epoch:  238   train error:  1.79%   test error: 50.00%
Total error: 0.0241629165205
epoch:  239   train error:  0.00%   test error: 57.14%
Total error: 0.022838022875
epoch:  240   train error:  0.00%   test error: 50.00%
Total error: 0.0217159457509
epoch:  241   train error:  0.00%   test error: 42.86%
Total error: 0.0208395832544
epoch:  242   train error:  0.00%   test error: 50.00%
Total error: 0.020208262182
epoch:  243   train error:  0.00%   test error: 42.86%
Total error: 0.0201908855244
epoch:  244   train error:  0.00%   test error: 42.86%
Total error: 0.0193816765931
epoch:  245   train error:  0.00%   test error: 50.00%
Total error: 0.0218195416292
epoch:  246   train error:  3.57%   test error: 57.14%
Total error: 0.0229389958064
epoch:  247   train error:  0.00%   test error: 42.86%
Total error: 0.0201767366127
epoch:  248   train error:  0.00%   test error: 50.00%
Total error: 0.0196226861808
epoch:  249   train error:  0.00%   test error: 42.86%
Total error: 0.0183985071343
epoch:  250   train error:  0.00%   test error: 35.71%
Total error: 0.0182201994883
epoch:  251   train error:  1.79%   test error: 50.00%
Total error: 0.0194701219423
epoch:  252   train error:  1.79%   test error: 50.00%
Total error: 0.018922264195
epoch:  253   train error:  0.00%   test error: 50.00%
Total error: 0.0187411303878
epoch:  254   train error:  0.00%   test error: 42.86%
Total error: 0.0200026541807
epoch:  255   train error:  0.00%   test error: 57.14%
Total error: 0.0201329340363
epoch:  256   train error:  0.00%   test error: 57.14%
Total error: 0.0190443733972
epoch:  257   train error:  0.00%   test error: 57.14%
Total error: 0.0210882793289
epoch:  258   train error:  0.00%   test error: 57.14%
Total error: 0.0213810763502
epoch:  259   train error:  0.00%   test error: 50.00%
Total error: 0.0192530355161
epoch:  260   train error:  0.00%   test error: 50.00%
Total error: 0.0166021223391
epoch:  261   train error:  0.00%   test error: 50.00%
Total error: 0.0177806409077
epoch:  262   train error:  0.00%   test error: 42.86%
Total error: 0.0190849217586
epoch:  263   train error:  0.00%   test error: 50.00%
Total error: 0.0180983644606
epoch:  264   train error:  0.00%   test error: 57.14%
Total error: 0.018643727593
epoch:  265   train error:  0.00%   test error: 57.14%
Total error: 0.0161683843711
epoch:  266   train error:  0.00%   test error: 50.00%
Total error: 0.0162043220015
epoch:  267   train error:  0.00%   test error: 57.14%
Total error: 0.0152967807404
epoch:  268   train error:  0.00%   test error: 57.14%
Total error: 0.0194496783089
epoch:  269   train error:  0.00%   test error: 57.14%
Total error: 0.0186512525196
epoch:  270   train error:  0.00%   test error: 57.14%
Total error: 0.0201441201444
epoch:  271   train error:  1.79%   test error: 57.14%
Total error: 0.0208778740182
epoch:  272   train error:  1.79%   test error: 57.14%
Total error: 0.0174402345195
epoch:  273   train error:  1.79%   test error: 50.00%
Total error: 0.0162423233173
epoch:  274   train error:  1.79%   test error: 57.14%
Total error: 0.01591083135
epoch:  275   train error:  1.79%   test error: 57.14%
Total error: 0.0156329249211
epoch:  276   train error:  1.79%   test error: 57.14%
Total error: 0.0144892569403
epoch:  277   train error:  1.79%   test error: 57.14%
Total error: 0.0145334104835
epoch:  278   train error:  1.79%   test error: 57.14%
Total error: 0.0144984333416
epoch:  279   train error:  1.79%   test error: 57.14%
Total error: 0.0152963340251
epoch:  280   train error:  1.79%   test error: 57.14%
Total error: 0.0143685391977
epoch:  281   train error:  1.79%   test error: 57.14%
Total error: 0.0141386403181
epoch:  282   train error:  1.79%   test error: 57.14%
Total error: 0.0139200837721
epoch:  283   train error:  0.00%   test error: 57.14%
Total error: 0.0135809650389
epoch:  284   train error:  1.79%   test error: 57.14%
Total error: 0.0138858880399
epoch:  285   train error:  1.79%   test error: 50.00%
Total error: 0.0134481576192
epoch:  286   train error:  1.79%   test error: 50.00%
Total error: 0.0138945826229
epoch:  287   train error:  1.79%   test error: 50.00%
Total error: 0.0131065300554
epoch:  288   train error:  1.79%   test error: 50.00%
Total error: 0.0124120020537
epoch:  289   train error:  0.00%   test error: 42.86%
Total error: 0.0129471884617
epoch:  290   train error:  1.79%   test error: 42.86%
Total error: 0.0134832698069
epoch:  291   train error:  1.79%   test error: 50.00%
Total error: 0.0138391918601
epoch:  292   train error:  1.79%   test error: 35.71%
Total error: 0.0144624103828
epoch:  293   train error:  1.79%   test error: 35.71%
Total error: 0.0131191104142
epoch:  294   train error:  0.00%   test error: 50.00%
Total error: 0.0116730031481
epoch:  295   train error:  0.00%   test error: 50.00%
Total error: 0.0113459314459
epoch:  296   train error:  0.00%   test error: 50.00%
Total error: 0.0112087099017
epoch:  297   train error:  0.00%   test error: 50.00%
Total error: 0.0109248010429
epoch:  298   train error:  0.00%   test error: 50.00%
Total error: 0.0119306951399
epoch:  299   train error:  0.00%   test error: 50.00%
Total error: 0.0110151486342
epoch:  300   train error:  0.00%   test error: 42.86%
Total error: 0.0106888055865
epoch:  301   train error:  0.00%   test error: 42.86%
Total error: 0.0106820655459
epoch:  302   train error:  0.00%   test error: 42.86%
Total error: 0.0108299040469
epoch:  303   train error:  0.00%   test error: 42.86%
Total error: 0.0109044421444
epoch:  304   train error:  0.00%   test error: 35.71%
Total error: 0.0103891376198
epoch:  305   train error:  0.00%   test error: 42.86%
Total error: 0.00999434340545
epoch:  306   train error:  0.00%   test error: 42.86%
Total error: 0.00951132192817
epoch:  307   train error:  0.00%   test error: 50.00%
Total error: 0.00934659072708
epoch:  308   train error:  0.00%   test error: 42.86%
Total error: 0.00923589249473
epoch:  309   train error:  0.00%   test error: 50.00%
Total error: 0.00909193752748
epoch:  310   train error:  0.00%   test error: 50.00%
Total error: 0.0088601806768
epoch:  311   train error:  0.00%   test error: 50.00%
Total error: 0.00897658704777
epoch:  312   train error:  0.00%   test error: 50.00%
Total error: 0.00882925856252
epoch:  313   train error:  0.00%   test error: 50.00%
Total error: 0.00848821069524
epoch:  314   train error:  0.00%   test error: 50.00%
Total error: 0.00841452125447
epoch:  315   train error:  0.00%   test error: 50.00%
Total error: 0.0084415077942
epoch:  316   train error:  0.00%   test error: 50.00%
Total error: 0.00815758325013
epoch:  317   train error:  0.00%   test error: 50.00%
Total error: 0.00799014025291
epoch:  318   train error:  0.00%   test error: 42.86%
Total error: 0.00799688078372
epoch:  319   train error:  0.00%   test error: 50.00%
Total error: 0.00785219909406
epoch:  320   train error:  0.00%   test error: 50.00%
Total error: 0.00761497538105
epoch:  321   train error:  0.00%   test error: 50.00%
Total error: 0.00844588931844
epoch:  322   train error:  0.00%   test error: 50.00%
Total error: 0.00797329685526
epoch:  323   train error:  0.00%   test error: 50.00%
Total error: 0.00802180441684
epoch:  324   train error:  0.00%   test error: 50.00%
Total error: 0.00764578345302
epoch:  325   train error:  0.00%   test error: 42.86%
Total error: 0.00795339551701
epoch:  326   train error:  0.00%   test error: 50.00%
Total error: 0.00751065830425
epoch:  327   train error:  0.00%   test error: 50.00%
Total error: 0.0075921946022
epoch:  328   train error:  0.00%   test error: 50.00%
Total error: 0.00749301311456
epoch:  329   train error:  0.00%   test error: 50.00%
Total error: 0.00747552523106
epoch:  330   train error:  0.00%   test error: 50.00%
Total error: 0.0072897030303
epoch:  331   train error:  0.00%   test error: 50.00%
Total error: 0.00715248979002
epoch:  332   train error:  0.00%   test error: 50.00%
Total error: 0.00720747000864
epoch:  333   train error:  0.00%   test error: 50.00%
Total error: 0.0071592325365
epoch:  334   train error:  0.00%   test error: 50.00%
Total error: 0.0068153989628
epoch:  335   train error:  0.00%   test error: 50.00%
Total error: 0.00677090466117
epoch:  336   train error:  0.00%   test error: 50.00%
Total error: 0.00687385695317
epoch:  337   train error:  0.00%   test error: 50.00%
Total error: 0.00673387373049
epoch:  338   train error:  0.00%   test error: 50.00%
Total error: 0.006689264921
epoch:  339   train error:  0.00%   test error: 50.00%
Total error: 0.00682860474051
epoch:  340   train error:  0.00%   test error: 50.00%
Total error: 0.00669270161465
epoch:  341   train error:  0.00%   test error: 50.00%
Total error: 0.00640664359831
epoch:  342   train error:  0.00%   test error: 50.00%
Total error: 0.00638050163057
epoch:  343   train error:  0.00%   test error: 50.00%
Total error: 0.00647856029064
epoch:  344   train error:  0.00%   test error: 50.00%
Total error: 0.0064158820637
epoch:  345   train error:  0.00%   test error: 50.00%
Total error: 0.0060781748761
epoch:  346   train error:  0.00%   test error: 42.86%
Total error: 0.00681129063299
epoch:  347   train error:  0.00%   test error: 42.86%
Total error: 0.00587982256377
epoch:  348   train error:  0.00%   test error: 42.86%
Total error: 0.00588798255908
epoch:  349   train error:  0.00%   test error: 42.86%
Total error: 0.00593814854417
epoch:  350   train error:  0.00%   test error: 42.86%
Total error: 0.00574555753148
epoch:  351   train error:  0.00%   test error: 42.86%
Total error: 0.00576015966823
epoch:  352   train error:  0.00%   test error: 42.86%
Total error: 0.00558440838159
epoch:  353   train error:  0.00%   test error: 35.71%
Total error: 0.00559544409384
epoch:  354   train error:  0.00%   test error: 42.86%
Total error: 0.0056169150497
epoch:  355   train error:  0.00%   test error: 42.86%
Total error: 0.00547655013634
epoch:  356   train error:  0.00%   test error: 42.86%
Total error: 0.00554721875694
